<?xml version="1.0" encoding="UTF-8"?>
<!-- Generated by org.testng.reporters.JUnitReportReporter -->
<testsuite hostname="LAPTOP-U0V4FH9O" name="admin.EditUserControllerNGTest" tests="3" failures="0" timestamp="12 Apr 2022 17:23:53 GMT" time="0.256" errors="0">
  <testcase name="testResetDB" time="0.241" classname="admin.EditUserControllerNGTest"/>
  <testcase name="testSetText" time="0.002" classname="admin.EditUserControllerNGTest"/>
  <testcase name="testInsert" time="0.013" classname="admin.EditUserControllerNGTest"/>
</testsuite> <!-- admin.EditUserControllerNGTest -->
